v8.9.3
./startup-sync.sh: 第 6 行:cd: serverPath: 没有那个文件或目录
[33m[2018-05-16 10:54:53.778] [WARN] log4js - [39mIgnoring configuration reload parameter for "object" configuration.
[32m[2018-05-16 10:54:53.782] [INFO] server-console - [39mstarting Server ...
[32m[2018-05-16 10:54:53.793] [INFO] server-console - [39mstarting init server with context...
[32m[2018-05-16 10:54:53.793] [INFO] server-console - [39mconfig:
{
    "serverName": "web app server",
    "debugMode": false,
    "protocol": "http2",
    "key": "/opt/node-server/conf/private.pem",
    "cert": "/opt/node-server/conf/file.crt",
    "zipResponse": true,
    "disabledAgentCache": false,
    "docBase": [
        {
            "path": "/",
            "dir": "/opt/webapps/webapp-taiwan/release"
        }
    ],
    "sessionCookieName": "web_session",
    "sessionCookiePath": "/",
    "path": null,
    "anonymous": false,
    "port": 8080,
    "session": false,
    "attributes": {},
    "proxy": [
        {
            "pathRule": "^/api",
            "server": "",
            "port": 7000,
            "protocol": "http",
            "headers": {}
        },
        {
            "pathRule": "^(/targetSearch|/relGraph|/workspaces|/systemManage)",
            "server": "",
            "url": "/"
        }
    ],
    "multiCpuSupport": true,
    "processNum": null
}
[32m[2018-05-16 10:54:53.796] [INFO] server-console - [39mstarting init server with context...
[32m[2018-05-16 10:54:53.796] [INFO] server-console - [39mconfig:
{
    "serverName": "web app server",
    "debugMode": false,
    "protocol": "http2",
    "key": "/opt/node-server/conf/private.pem",
    "cert": "/opt/node-server/conf/file.crt",
    "zipResponse": true,
    "disabledAgentCache": false,
    "docBase": [
        {
            "path": "/",
            "dir": "/opt/webapps/webapp-hk/release"
        }
    ],
    "sessionCookieName": "web_session",
    "sessionCookiePath": "/",
    "path": null,
    "anonymous": false,
    "port": 8520,
    "session": false,
    "attributes": {},
    "proxy": [
        {
            "pathRule": "^/api",
            "server": "",
            "port": 7000,
            "protocol": "http",
            "headers": {}
        },
        {
            "pathRule": "^(/targetSearch|/relGraph|/workspaces|/systemManage)",
            "server": "",
            "url": "/"
        }
    ],
    "multiCpuSupport": true,
    "processNum": null
}
[32m[2018-05-16 10:54:53.797] [INFO] server-console - [39mstarting init server with context...
[32m[2018-05-16 10:54:53.797] [INFO] server-console - [39mconfig:
{
    "serverName": "web app server",
    "debugMode": false,
    "protocol": "http2",
    "key": "/opt/node-server/conf/private.pem",
    "cert": "/opt/node-server/conf/file.crt",
    "zipResponse": true,
    "disabledAgentCache": false,
    "docBase": [
        {
            "path": "/",
            "dir": "/opt/webapps/webapp-usa/release"
        }
    ],
    "sessionCookieName": "web_session",
    "sessionCookiePath": "/",
    "path": null,
    "anonymous": false,
    "port": 8001,
    "session": false,
    "attributes": {},
    "proxy": [
        {
            "pathRule": "^/api",
            "server": "",
            "port": 7000,
            "protocol": "http",
            "headers": {}
        },
        {
            "pathRule": "^(/targetSearch|/relGraph|/workspaces|/systemManage)",
            "server": "",
            "url": "/"
        }
    ],
    "multiCpuSupport": true,
    "processNum": null
}
[32m[2018-05-16 10:54:53.798] [INFO] server-console - [39mstarting init server with context...
[32m[2018-05-16 10:54:53.798] [INFO] server-console - [39mconfig:
{
    "serverName": "web app server",
    "debugMode": false,
    "protocol": "http2",
    "key": "/opt/node-server/conf/private.pem",
    "cert": "/opt/node-server/conf/file.crt",
    "zipResponse": true,
    "disabledAgentCache": false,
    "docBase": [
        {
            "path": "/",
            "dir": "/opt/webapps/webapp-sea/release"
        }
    ],
    "sessionCookieName": "web_session",
    "sessionCookiePath": "/",
    "path": null,
    "anonymous": false,
    "port": 8066,
    "session": false,
    "attributes": {},
    "proxy": [
        {
            "pathRule": "^/api",
            "server": "",
            "port": 7000,
            "protocol": "http",
            "headers": {}
        },
        {
            "pathRule": "^(/targetSearch|/relGraph|/workspaces|/systemManage)",
            "server": "",
            "url": "/"
        }
    ],
    "multiCpuSupport": true,
    "processNum": null
}
[32m[2018-05-16 10:54:53.800] [INFO] server-console - [39mstarting init server with context...
[32m[2018-05-16 10:54:53.800] [INFO] server-console - [39mconfig:
{
    "serverName": "web app server",
    "debugMode": false,
    "protocol": "http2",
    "key": "/opt/node-server/conf/private.pem",
    "cert": "/opt/node-server/conf/file.crt",
    "zipResponse": true,
    "disabledAgentCache": false,
    "docBase": [
        {
            "path": "/",
            "dir": "/opt/webapps/webapp-component/release"
        }
    ],
    "sessionCookieName": "web_session",
    "sessionCookiePath": "/",
    "path": null,
    "anonymous": false,
    "port": 8888,
    "session": false,
    "attributes": {},
    "proxy": [
        {
            "pathRule": "^/api",
            "server": "",
            "port": 7000,
            "protocol": "http",
            "headers": {}
        },
        {
            "pathRule": "^(/targetSearch|/relGraph|/workspaces|/systemManage)",
            "server": "",
            "url": "/"
        }
    ],
    "multiCpuSupport": true,
    "processNum": null
}
[32m[2018-05-16 10:54:53.801] [INFO] server-console - [39mServer startup finished !
[31m[2018-05-16 10:54:54.456] [ERROR] server-console - [39m(node:28100) ExperimentalWarning: The http2 module is an experimental API.

[31m[2018-05-16 10:54:54.494] [ERROR] server-console - [39m(node:28105) ExperimentalWarning: The http2 module is an experimental API.

[31m[2018-05-16 10:54:54.505] [ERROR] server-console - [39m(node:28113) ExperimentalWarning: The http2 module is an experimental API.

[31m[2018-05-16 10:54:54.528] [ERROR] server-console - [39m(node:28137) ExperimentalWarning: The http2 module is an experimental API.

[31m[2018-05-16 10:54:54.595] [ERROR] server-console - [39m(node:28107) ExperimentalWarning: The http2 module is an experimental API.

[31m[2018-05-16 10:54:54.596] [ERROR] server-console - [39m(node:28165) ExperimentalWarning: The http2 module is an experimental API.

[31m[2018-05-16 10:54:54.623] [ERROR] server-console - [39m(node:28106) ExperimentalWarning: The http2 module is an experimental API.

[31m[2018-05-16 10:54:54.637] [ERROR] server-console - [39m(node:28264) ExperimentalWarning: The http2 module is an experimental API.

[31m[2018-05-16 10:54:54.646] [ERROR] server-console - [39m(node:28118) ExperimentalWarning: The http2 module is an experimental API.

[31m[2018-05-16 10:54:54.648] [ERROR] server-console - [39m(node:28119) ExperimentalWarning: The http2 module is an experimental API.

[31m[2018-05-16 10:54:54.654] [ERROR] server-console - [39m(node:28134) ExperimentalWarning: The http2 module is an experimental API.

[31m[2018-05-16 10:54:54.655] [ERROR] server-console - [39m(node:28305) ExperimentalWarning: The http2 module is an experimental API.

[31m[2018-05-16 10:54:54.659] [ERROR] server-console - [39m(node:28218) ExperimentalWarning: The http2 module is an experimental API.

[31m[2018-05-16 10:54:54.677] [ERROR] server-console - [39m(node:28300) ExperimentalWarning: The http2 module is an experimental API.

[31m[2018-05-16 10:54:54.680] [ERROR] server-console - [39m(node:28143) ExperimentalWarning: The http2 module is an experimental API.

[31m[2018-05-16 10:54:54.687] [ERROR] server-console - [39m(node:28270) ExperimentalWarning: The http2 module is an experimental API.

[31m[2018-05-16 10:54:54.692] [ERROR] server-console - [39m(node:28157) ExperimentalWarning: The http2 module is an experimental API.

[31m[2018-05-16 10:54:54.698] [ERROR] server-console - [39m(node:28170) ExperimentalWarning: The http2 module is an experimental API.

[31m[2018-05-16 10:54:54.700] [ERROR] server-console - [39m(node:28152) ExperimentalWarning: The http2 module is an experimental API.

[31m[2018-05-16 10:54:54.709] [ERROR] server-console - [39m(node:28171) ExperimentalWarning: The http2 module is an experimental API.

[31m[2018-05-16 10:54:54.715] [ERROR] server-console - [39m(node:28196) ExperimentalWarning: The http2 module is an experimental API.

[31m[2018-05-16 10:54:54.715] [ERROR] server-console - [39m(node:28212) ExperimentalWarning: The http2 module is an experimental API.

[31m[2018-05-16 10:54:54.719] [ERROR] server-console - [39m(node:28184) ExperimentalWarning: The http2 module is an experimental API.

[31m[2018-05-16 10:54:54.723] [ERROR] server-console - [39m(node:28190) ExperimentalWarning: The http2 module is an experimental API.

[31m[2018-05-16 10:54:54.724] [ERROR] server-console - [39m(node:28223) ExperimentalWarning: The http2 module is an experimental API.

[31m[2018-05-16 10:54:54.727] [ERROR] server-console - [39m(node:28242) ExperimentalWarning: The http2 module is an experimental API.

[31m[2018-05-16 10:54:54.732] [ERROR] server-console - [39m(node:28182) ExperimentalWarning: The http2 module is an experimental API.

[31m[2018-05-16 10:54:54.732] [ERROR] server-console - [39m(node:28211) ExperimentalWarning: The http2 module is an experimental API.

[31m[2018-05-16 10:54:54.737] [ERROR] server-console - [39m(node:28231) ExperimentalWarning: The http2 module is an experimental API.

[31m[2018-05-16 10:54:54.737] [ERROR] server-console - [39m(node:28197) ExperimentalWarning: The http2 module is an experimental API.

[31m[2018-05-16 10:54:54.738] [ERROR] server-console - [39m(node:28313) ExperimentalWarning: The http2 module is an experimental API.

[31m[2018-05-16 10:54:54.745] [ERROR] server-console - [39m(node:28282) ExperimentalWarning: The http2 module is an experimental API.

[31m[2018-05-16 10:54:54.746] [ERROR] server-console - [39m(node:28232) ExperimentalWarning: The http2 module is an experimental API.

[31m[2018-05-16 10:54:54.747] [ERROR] server-console - [39m(node:28177) ExperimentalWarning: The http2 module is an experimental API.

[31m[2018-05-16 10:54:54.749] [ERROR] server-console - [39m(node:28314) ExperimentalWarning: The http2 module is an experimental API.

[31m[2018-05-16 10:54:54.754] [ERROR] server-console - [39m(node:28255) ExperimentalWarning: The http2 module is an experimental API.

[31m[2018-05-16 10:54:54.759] [ERROR] server-console - [39m(node:28289) ExperimentalWarning: The http2 module is an experimental API.

[31m[2018-05-16 10:54:54.765] [ERROR] server-console - [39m(node:28336) ExperimentalWarning: The http2 module is an experimental API.

[31m[2018-05-16 10:54:54.766] [ERROR] server-console - [39m(node:28243) ExperimentalWarning: The http2 module is an experimental API.

[31m[2018-05-16 10:54:54.774] [ERROR] server-console - [39m(node:28330) ExperimentalWarning: The http2 module is an experimental API.

./startup-sync.sh: 行 12: 28048 已终止               node ../slib/main.js
./startup-sync.sh: 第 8 行:cd: currentPath: 没有那个文件或目录
v8.9.3
/opt/node-server/conf/config.js:123
config.context.splice(1);
               ^

TypeError: Cannot read property 'splice' of undefined
    at Object.<anonymous> (/opt/node-server/conf/config.js:123:16)
    at Module._compile (module.js:635:30)
    at Object.Module._extensions..js (module.js:646:10)
    at Module.load (module.js:554:32)
    at tryModuleLoad (module.js:497:12)
    at Function.Module._load (module.js:489:3)
    at Module.require (module.js:579:17)
    at require (internal/module.js:11:18)
    at Object.<anonymous> (/opt/node-server/slib/main.js:80:17)
    at Module._compile (module.js:635:30)
